<?xml version="1.0" encoding="UTF-8"?>
<testsuite xmlns:xsi="http://www.w3.org/2001/XMLSchema-instance" xsi:schemaLocation="https://maven.apache.org/surefire/maven-surefire-plugin/xsd/surefire-test-report.xsd" name="CucumberRunner" time="95.079" tests="21" errors="0" skipped="0" failures="0">
  <properties>
[...]
</properties>
  <testcase name="Когда выбран пункт меню &quot;Электроника&quot;" classname="Сценарий: Добавление и удаление iPhone" time="0.003"/>
  <testcase name="И выбрана категория &quot;Телефоны&quot;" classname="Сценарий: Добавление и удаление iPhone" time="0"/>
  <testcase name="И выбран производитель &quot;Apple&quot;" classname="Сценарий: Добавление и удаление iPhone" time="0"/>
  <testcase name="И заполнена цена от &quot;50000&quot;" classname="Сценарий: Добавление и удаление iPhone" time="0"/>
  <testcase name="И когда добавлен первый товар в корзину и запомнены название и цена" classname="Сценарий: Добавление и удаление iPhone" time="0"/>
  <testcase name="И совершен переход в корзину" classname="Сценарий: Добавление и удаление iPhone" time="0"/>
  <testcase name="Тогда проверить наличие добавленного товара в корзине" classname="Сценарий: Добавление и удаление iPhone" time="0"/>
  <testcase name="Когда нажата кнопка удалить все" classname="Сценарий: Добавление и удаление iPhone" time="0"/>
  <testcase name="Тогда проверить, что корзина пуста" classname="Сценарий: Добавление и удаление iPhone" time="0"/>
  <testcase name="Сценарий: Добавление и удаление iPhone" classname="Сценарий: Добавление и удаление iPhone" time="0.95"/>
  <testcase name="Когда выбран пункт меню &quot;Электроника&quot;" classname="Сценарий: Добавление и удаление Зеркального фотоаппарата" time="0"/>
  <testcase name="И выбрана категория &quot;Зеркальные фотоаппараты&quot;" classname="Сценарий: Добавление и удаление Зеркального фотоаппарата" time="0"/>
  <testcase name="И выбран производитель &quot;Nikon&quot;" classname="Сценарий: Добавление и удаление Зеркального фотоаппарата" time="0"/>
  <testcase name="И выбран производитель &quot;Canon&quot;" classname="Сценарий: Добавление и удаление Зеркального фотоаппарата" time="0"/>
  <testcase name="И заполнена цена от &quot;80000&quot;" classname="Сценарий: Добавление и удаление Зеркального фотоаппарата" time="0"/>
  <testcase name="И когда добавлен первый товар в корзину и запомнены название и цена" classname="Сценарий: Добавление и удаление Зеркального фотоаппарата" time="0"/>
  <testcase name="И совершен переход в корзину" classname="Сценарий: Добавление и удаление Зеркального фотоаппарата" time="0"/>
  <testcase name="Тогда проверить наличие добавленного товара в корзине" classname="Сценарий: Добавление и удаление Зеркального фотоаппарата" time="0"/>
  <testcase name="Когда нажата кнопка удалить все" classname="Сценарий: Добавление и удаление Зеркального фотоаппарата" time="0"/>
  <testcase name="Тогда проверить, что корзина пуста" classname="Сценарий: Добавление и удаление Зеркального фотоаппарата" time="0"/>
  <testcase name="Сценарий: Добавление и удаление Зеркального фотоаппарата" classname="Сценарий: Добавление и удаление Зеркального фотоаппарата" time="0.935"/>
</testsuite>